-----------------------------------------------------------------------------

Input image     : relic.fits[1:300,1:300] 
Init. par. file : galfit.feedme 
Restart file    : galfit.01 
Output image    : imgblock.fits 

 sersic    : (  149.04,   149.34)   13.21      4.40    3.36    0.80   -42.76
             (    0.04,     0.03)    0.01      0.05    0.10    0.01     1.41
 expdisk   : (  149.12,   149.56)   13.52     27.93    0.41    87.87
             (    0.09,     0.04)    0.01      0.11    0.00     0.08
     c0    :   -0.36 
           :    0.01 
 Chi^2 = 64977.45964,  ndof = 89986
 Chi^2/nu = 0.722 

-----------------------------------------------------------------------------
-----------------------------------------------------------------------------

Input image     : relic.fits[1:300,1:300] 
Init. par. file : galfit.feedme 
Restart file    : galfit.02 
Output image    : imgblock.fits 

 sersic    : (  149.06,   149.35)   13.13     *0.02* *20.00*   0.94   -31.04
             (    0.16,     0.12)    0.51     *0.04* *13.82*   0.13    83.75
 expdisk   : (  149.16,   149.57)   13.29     24.55    0.49    88.83
             (    0.06,     0.03)    0.01      0.09    0.00     0.07
     c0    :   -0.60 
           :    0.01 
 Chi^2 = 68142.34996,  ndof = 89986
 Chi^2/nu = 0.757 

-----------------------------------------------------------------------------
-----------------------------------------------------------------------------

Input image     : relic.fits[1:300,1:300] 
Init. par. file : galfit.feedme 
Restart file    : galfit.03 
Output image    : imgblock.fits 

 sersic    : (  149.04,   149.34)   13.21      4.40    3.37    0.80   -42.75
             (    0.04,     0.03)    0.01      0.05    0.10    0.01     1.41
 expdisk   : (  149.12,   149.56)   13.52     27.94    0.41    87.87
             (    0.09,     0.04)    0.01      0.11    0.00     0.08
     c0    :   -0.36 
           :    0.01 
 Chi^2 = 64977.55316,  ndof = 89986
 Chi^2/nu = 0.722 

-----------------------------------------------------------------------------
-----------------------------------------------------------------------------

Input image     : relic.fits[1:300,1:300] 
Init. par. file : galfit.feedme 
Restart file    : galfit.04 
Output image    : imgblock.fits 

 sersic    : (  148.93,   149.39)   12.58     15.76    4.22    0.57   -89.89
             (    0.03,     0.02)    0.00      0.06    0.03    0.00     0.13
 Chi^2 = 78366.58232,  ndof = 89993
 Chi^2/nu = 0.871 

-----------------------------------------------------------------------------
-----------------------------------------------------------------------------

Input image     : relic.fits[1:300,1:300] 
Init. par. file : galfit.feedme 
Restart file    : galfit.05 
Output image    : imgblock.fits 

 sersic    : (  149.09,   149.58)   13.72     48.90    0.86    0.35    87.81
             (    0.11,     0.05)    0.01      0.25    0.01    0.00     0.09
 sersic    : (  149.06,   149.33)   13.08      5.31    3.89    0.86   -45.72
             (    0.04,     0.03)    0.01      0.06    0.07    0.00     2.19
 Chi^2 = 64995.08593,  ndof = 89986
 Chi^2/nu = 0.722 

-----------------------------------------------------------------------------
-----------------------------------------------------------------------------

Input image     : relic.fits[1:300,1:300] 
Init. par. file : galfit.feedme 
Restart file    : galfit.06 
Output image    : imgblock.fits 

 sersic    : (  151.68,   151.91)   13.96      2.58    7.61    0.61   -10.27
             (    0.09,     0.06)    0.03      0.13    0.56    0.01     1.21
 sersic    : (  146.50,   147.12)   13.94      0.95    9.74    0.92   -18.23
             (    0.11,     0.06)    0.04      0.15    2.06    0.03    19.59
 expdisk   : (  149.02,   149.43)   13.49     25.85    0.40    88.37
             (    0.06,     0.03)    0.01      0.09    0.00     0.07
 Chi^2 = 65727.36572,  ndof = 89980
 Chi^2/nu = 0.730 

-----------------------------------------------------------------------------
